<?xml version="1.0" encoding="UTF-8"?>
<testsuite xmlns:xsi="http://www.w3.org/2001/XMLSchema-instance" xsi:noNamespaceSchemaLocation="https://maven.apache.org/surefire/maven-surefire-plugin/xsd/surefire-test-report.xsd" name="com.fiap.TriangleTest" time="0.088" tests="13" errors="0" skipped="0" failures="0">
  <properties>
    <property name="java.specification.version" value="17"/>
    <property name="sun.cpu.isalist" value="amd64"/>
    <property name="sun.jnu.encoding" value="Cp1252"/>
    <property name="java.class.path" value="C:\Users\PopDev\Desenvolvimento\study\fiap\qa\triangle\target\test-classes;C:\Users\PopDev\Desenvolvimento\study\fiap\qa\triangle\target\classes;C:\Users\PopDev\.m2\repository\junit\junit\4.11\junit-4.11.jar;C:\Users\PopDev\.m2\repository\org\hamcrest\hamcrest-core\1.3\hamcrest-core-1.3.jar;"/>
    <property name="java.vm.vendor" value="Eclipse Adoptium"/>
    <property name="sun.arch.data.model" value="64"/>
    <property name="user.variant" value=""/>
    <property name="java.vendor.url" value="https://adoptium.net/"/>
    <property name="user.timezone" value="America/Sao_Paulo"/>
    <property name="os.name" value="Windows 11"/>
    <property name="java.vm.specification.version" value="17"/>
    <property name="sun.java.launcher" value="SUN_STANDARD"/>
    <property name="user.country" value="BR"/>
    <property name="sun.boot.library.path" value="C:\Program Files\Eclipse Adoptium\jdk-17.0.4.101-hotspot\bin"/>
    <property name="sun.java.command" value="C:\Users\PopDev\AppData\Local\Temp\surefire7286618796703356597\surefirebooter2574707818859641154.jar C:\Users\PopDev\AppData\Local\Temp\surefire7286618796703356597 2023-03-28T15-01-07_858-jvmRun1 surefire8886618850542644846tmp surefire_01858531325121073400tmp"/>
    <property name="jdk.debug" value="release"/>
    <property name="surefire.test.class.path" value="C:\Users\PopDev\Desenvolvimento\study\fiap\qa\triangle\target\test-classes;C:\Users\PopDev\Desenvolvimento\study\fiap\qa\triangle\target\classes;C:\Users\PopDev\.m2\repository\junit\junit\4.11\junit-4.11.jar;C:\Users\PopDev\.m2\repository\org\hamcrest\hamcrest-core\1.3\hamcrest-core-1.3.jar;"/>
    <property name="sun.cpu.endian" value="little"/>
    <property name="user.home" value="C:\Users\PopDev"/>
    <property name="user.language" value="pt"/>
    <property name="java.specification.vendor" value="Oracle Corporation"/>
    <property name="java.version.date" value="2022-08-12"/>
    <property name="java.home" value="C:\Program Files\Eclipse Adoptium\jdk-17.0.4.101-hotspot"/>
    <property name="file.separator" value="\"/>
    <property name="basedir" value="C:\Users\PopDev\Desenvolvimento\study\fiap\qa\triangle"/>
    <property name="java.vm.compressedOopsMode" value="Zero based"/>
    <property name="line.separator" value="&#10;"/>
    <property name="java.vm.specification.vendor" value="Oracle Corporation"/>
    <property name="java.specification.name" value="Java Platform API Specification"/>
    <property name="surefire.real.class.path" value="C:\Users\PopDev\AppData\Local\Temp\surefire7286618796703356597\surefirebooter2574707818859641154.jar"/>
    <property name="user.script" value=""/>
    <property name="sun.management.compiler" value="HotSpot 64-Bit Tiered Compilers"/>
    <property name="java.runtime.version" value="17.0.4.1+1"/>
    <property name="user.name" value="PopDev"/>
    <property name="path.separator" value=";"/>
    <property name="os.version" value="10.0"/>
    <property name="java.runtime.name" value="OpenJDK Runtime Environment"/>
    <property name="file.encoding" value="Cp1252"/>
    <property name="java.vm.name" value="OpenJDK 64-Bit Server VM"/>
    <property name="java.vendor.version" value="Temurin-17.0.4.1+1"/>
    <property name="localRepository" value="C:\Users\PopDev\.m2\repository"/>
    <property name="java.vendor.url.bug" value="https://github.com/adoptium/adoptium-support/issues"/>
    <property name="java.io.tmpdir" value="C:\Users\PopDev\AppData\Local\Temp\"/>
    <property name="java.version" value="17.0.4.1"/>
    <property name="user.dir" value="C:\Users\PopDev\Desenvolvimento\study\fiap\qa\triangle"/>
    <property name="os.arch" value="amd64"/>
    <property name="java.vm.specification.name" value="Java Virtual Machine Specification"/>
    <property name="sun.os.patch.level" value=""/>
    <property name="native.encoding" value="Cp1252"/>
    <property name="java.library.path" value="C:\Program Files\Eclipse Adoptium\jdk-17.0.4.101-hotspot\bin;C:\WINDOWS\Sun\Java\bin;C:\WINDOWS\system32;C:\WINDOWS;C:\Users\PopDev\bin;C:\Program Files\Git\mingw64\bin;C:\Program Files\Git\usr\local\bin;C:\Program Files\Git\usr\bin;C:\Program Files\Git\usr\bin;C:\Program Files\Git\mingw64\bin;C:\Program Files\Git\usr\bin;C:\Users\PopDev\bin;C:\Program Files\MySQL\MySQL Shell 8.0\bin;C:\Users\PopDev\AppData\Local\Microsoft\WindowsApps;C:\Users\PopDev\AppData\Local\Programs\Microsoft VS Code\bin;C:\Program Files\Azure Data Studio\bin;C:\Users\PopDev\AppData\Local\nvs;C:\Populis\Dev\apache-maven-3.8.6\bin;C:\Program Files\Git\usr\bin\vendor_perl;C:\Program Files\Git\usr\bin\core_perl;."/>
    <property name="java.vm.info" value="mixed mode, sharing"/>
    <property name="java.vendor" value="Eclipse Adoptium"/>
    <property name="java.vm.version" value="17.0.4.1+1"/>
    <property name="sun.io.unicode.encoding" value="UnicodeLittle"/>
    <property name="java.class.version" value="61.0"/>
  </properties>
  <testcase name="testNonPositive" classname="com.fiap.TriangleTest" time="0.004"/>
  <testcase name="testEquilateral" classname="com.fiap.TriangleTest" time="0"/>
  <testcase name="testInvalidSideLenght1" classname="com.fiap.TriangleTest" time="0"/>
  <testcase name="testInvalidSideLenght2" classname="com.fiap.TriangleTest" time="0"/>
  <testcase name="testInvalidSideLenght3" classname="com.fiap.TriangleTest" time="0"/>
  <testcase name="testSmallNumbers" classname="com.fiap.TriangleTest" time="0"/>
  <testcase name="testZeroSide1" classname="com.fiap.TriangleTest" time="0"/>
  <testcase name="testZeroSide2" classname="com.fiap.TriangleTest" time="0"/>
  <testcase name="testIsosceles1" classname="com.fiap.TriangleTest" time="0.001"/>
  <testcase name="testIsosceles2" classname="com.fiap.TriangleTest" time="0"/>
  <testcase name="testIsosceles3" classname="com.fiap.TriangleTest" time="0"/>
  <testcase name="testLargeNumbers" classname="com.fiap.TriangleTest" time="0"/>
  <testcase name="testScalene" classname="com.fiap.TriangleTest" time="0"/>
</testsuite>